This file contains any messages produced by compilers while
running configure, to aid debugging if configure makes a mistake.

It was created by libjpeg configure 9.0.0, which was
generated by GNU Autoconf 2.69.  Invocation command line was

  $ ./configure 

## --------- ##
## Platform. ##
## --------- ##

hostname = canttouchthis
uname -m = i686
uname -r = 3.5.0-23-generic
uname -s = Linux
uname -v = #35-Ubuntu SMP Thu Jan 24 13:05:29 UTC 2013

/usr/bin/uname -p = unknown
/bin/uname -X     = unknown

/bin/arch              = unknown
/usr/bin/arch -k       = unknown
/usr/convex/getsysinfo = unknown
/usr/bin/hostinfo      = unknown
/bin/machine           = unknown
/usr/bin/oslevel       = unknown
/bin/universe          = unknown

PATH: /home/manuel/lib/emscripten/
PATH: /var/lib/gems/1.8/bin
PATH: /home/manuel/bin
PATH: /usr/lib/lightdm/lightdm
PATH: /usr/local/sbin
PATH: /usr/local/bin
PATH: /usr/sbin
PATH: /usr/bin
PATH: /sbin
PATH: /bin
PATH: /usr/games
PATH: /usr/local/games


## ----------- ##
## Core tests. ##
## ----------- ##

configure:2264: checking build system type
configure:2278: result: i686-pc-linux-gnu
configure:2298: checking host system type
configure:2311: result: i686-pc-linux-gnu
configure:2331: checking target system type
configure:2344: result: i686-pc-linux-gnu
configure:2389: checking for a BSD-compatible install
configure:2457: result: /usr/bin/install -c
configure:2468: checking whether build environment is sane
configure:2523: result: yes
configure:2674: checking for a thread-safe mkdir -p
configure:2713: result: /bin/mkdir -p
configure:2720: checking for gawk
configure:2750: result: no
configure:2720: checking for mawk
configure:2736: found /usr/bin/mawk
configure:2747: result: mawk
configure:2758: checking whether make sets $(MAKE)
configure:2780: result: yes
configure:2809: checking whether make supports nested variables
configure:2826: result: yes
configure:2920: checking whether make supports nested variables
configure:2937: result: yes
configure:2953: checking whether to enable maintainer-specific portions of Makefiles
configure:2962: result: no
configure:3025: checking for gcc
configure:3052: result: /home/manuel/lib/emscripten/emcc
configure:3281: checking for C compiler version
configure:3290: /home/manuel/lib/emscripten/emcc --version >&5
emcc (Emscripten GCC-like replacement) 2.0
Copyright (C) 2012 the Emscripten authors.
This is free and open source software under the MIT license.
There is NO warranty; not even for MERCHANTABILITY or FITNESS FOR A PARTICULAR PURPOSE.
  
configure:3301: $? = 0
configure:3290: /home/manuel/lib/emscripten/emcc -v >&5
emcc (Emscripten GCC-like replacement + linker emulating GNU ld ) 2.0
clang version 3.2 (tags/RELEASE_32/final)
Target: i386-pc-linux-gnu
Thread model: posix
configure:3301: $? = 0
configure:3290: /home/manuel/lib/emscripten/emcc -V >&5
clang: error: unsupported option '-V -nostdinc'
clang: error: no input files
configure:3301: $? = 1
configure:3290: /home/manuel/lib/emscripten/emcc -qversion >&5
clang: error: no input files
configure:3301: $? = 1
configure:3321: checking whether the C compiler works
configure:3343: /home/manuel/lib/emscripten/emcc    conftest.c  >&5
configure:3347: $? = 0
configure:3395: result: yes
configure:3398: checking for C compiler default output file name
configure:3400: result: a.out
configure:3406: checking for suffix of executables
configure:3413: /home/manuel/lib/emscripten/emcc -o conftest    conftest.c  >&5
configure:3417: $? = 0
configure:3439: result: 
configure:3461: checking whether we are cross compiling
configure:3469: /home/manuel/lib/emscripten/emcc -o conftest    conftest.c  >&5
configure:3473: $? = 0
configure:3480: ./conftest
configure:3484: $? = 0
configure:3499: result: no
configure:3504: checking for suffix of object files
configure:3526: /home/manuel/lib/emscripten/emcc -c   conftest.c >&5
configure:3530: $? = 0
configure:3551: result: o
configure:3555: checking whether we are using the GNU C compiler
configure:3574: /home/manuel/lib/emscripten/emcc -c   conftest.c >&5
configure:3574: $? = 0
configure:3583: result: yes
configure:3592: checking whether /home/manuel/lib/emscripten/emcc accepts -g
configure:3612: /home/manuel/lib/emscripten/emcc -c -g  conftest.c >&5
configure:3612: $? = 0
configure:3653: result: yes
configure:3670: checking for /home/manuel/lib/emscripten/emcc option to accept ISO C89
configure:3733: /home/manuel/lib/emscripten/emcc  -c   conftest.c >&5
configure:3733: $? = 0
configure:3746: result: none needed
configure:3777: checking for style of include used by make
configure:3805: result: GNU
configure:3831: checking dependency style of /home/manuel/lib/emscripten/emcc
configure:3942: result: gcc3
configure:3961: checking for /home/manuel/lib/emscripten/emcc option to accept ISO C99
configure:4110: /home/manuel/lib/emscripten/emcc  -c   conftest.c >&5
configure:4110: $? = 0
configure:4123: result: none needed
configure:4231: checking for /home/manuel/lib/emscripten/emcc option to accept ISO Standard C
configure:4242: result: none needed
configure:4254: checking how to run the C preprocessor
configure:4285: /home/manuel/lib/emscripten/emcc -E  conftest.c
configure:4285: $? = 0
configure:4299: /home/manuel/lib/emscripten/emcc -E  conftest.c
conftest.c:11:10: fatal error: 'ac_nonexistent.h' file not found
#include <ac_nonexistent.h>
         ^
1 error generated.
configure:4299: $? = 1
configure: failed program was:
| /* confdefs.h */
| #define PACKAGE_NAME "libjpeg"
| #define PACKAGE_TARNAME "libjpeg"
| #define PACKAGE_VERSION "9.0.0"
| #define PACKAGE_STRING "libjpeg 9.0.0"
| #define PACKAGE_BUGREPORT ""
| #define PACKAGE_URL ""
| #define PACKAGE "libjpeg"
| #define VERSION "9.0.0"
| /* end confdefs.h.  */
| #include <ac_nonexistent.h>
configure:4324: result: /home/manuel/lib/emscripten/emcc -E
configure:4344: /home/manuel/lib/emscripten/emcc -E  conftest.c
configure:4344: $? = 0
configure:4358: /home/manuel/lib/emscripten/emcc -E  conftest.c
conftest.c:11:10: fatal error: 'ac_nonexistent.h' file not found
#include <ac_nonexistent.h>
         ^
1 error generated.
configure:4358: $? = 1
configure: failed program was:
| /* confdefs.h */
| #define PACKAGE_NAME "libjpeg"
| #define PACKAGE_TARNAME "libjpeg"
| #define PACKAGE_VERSION "9.0.0"
| #define PACKAGE_STRING "libjpeg 9.0.0"
| #define PACKAGE_BUGREPORT ""
| #define PACKAGE_URL ""
| #define PACKAGE "libjpeg"
| #define VERSION "9.0.0"
| /* end confdefs.h.  */
| #include <ac_nonexistent.h>
configure:4387: checking whether make sets $(MAKE)
configure:4409: result: yes
configure:4418: checking whether ln -s works
configure:4422: result: yes
configure:4532: checking the archiver (/home/manuel/lib/emscripten/emar) interface
configure:4542: /home/manuel/lib/emscripten/emcc -c   conftest.c >&5
configure:4542: $? = 0
configure:4544: /home/manuel/lib/emscripten/emar cru libconftest.a conftest.o >&5
configure:4547: $? = 0
configure:4570: result: ar
configure:4599: checking if LD -Wl,--version-script works
configure:4623: /home/manuel/lib/emscripten/emcc -o conftest    -Wl,--version-script=conftest.map conftest.c  >&5
configure:4623: $? = 0
configure:4632: result: yes
configure:4645: checking for function prototypes
configure:4665: /home/manuel/lib/emscripten/emcc -c   conftest.c >&5
configure:4665: $? = 0
configure:4673: result: yes
configure:4694: checking for grep that handles long lines and -e
configure:4752: result: /bin/grep
configure:4757: checking for egrep
configure:4819: result: /bin/grep -E
configure:4824: checking for ANSI C header files
configure:4844: /home/manuel/lib/emscripten/emcc -c   conftest.c >&5
configure:4844: $? = 0
configure:4917: /home/manuel/lib/emscripten/emcc -o conftest    conftest.c  >&5
configure:4917: $? = 0
configure:4917: ./conftest
configure:4917: $? = 0
configure:4928: result: yes
configure:4941: checking for sys/types.h
configure:4941: /home/manuel/lib/emscripten/emcc -c   conftest.c >&5
configure:4941: $? = 0
configure:4941: result: yes
configure:4941: checking for sys/stat.h
configure:4941: /home/manuel/lib/emscripten/emcc -c   conftest.c >&5
configure:4941: $? = 0
configure:4941: result: yes
configure:4941: checking for stdlib.h
configure:4941: /home/manuel/lib/emscripten/emcc -c   conftest.c >&5
configure:4941: $? = 0
configure:4941: result: yes
configure:4941: checking for string.h
configure:4941: /home/manuel/lib/emscripten/emcc -c   conftest.c >&5
configure:4941: $? = 0
configure:4941: result: yes
configure:4941: checking for memory.h
configure:4941: /home/manuel/lib/emscripten/emcc -c   conftest.c >&5
configure:4941: $? = 0
configure:4941: result: yes
configure:4941: checking for strings.h
configure:4941: /home/manuel/lib/emscripten/emcc -c   conftest.c >&5
configure:4941: $? = 0
configure:4941: result: yes
configure:4941: checking for inttypes.h
configure:4941: /home/manuel/lib/emscripten/emcc -c   conftest.c >&5
configure:4941: $? = 0
configure:4941: result: yes
configure:4941: checking for stdint.h
configure:4941: /home/manuel/lib/emscripten/emcc -c   conftest.c >&5
configure:4941: $? = 0
configure:4941: result: yes
configure:4941: checking for unistd.h
configure:4941: /home/manuel/lib/emscripten/emcc -c   conftest.c >&5
configure:4941: $? = 0
configure:4941: result: yes
configure:4956: checking stddef.h usability
configure:4956: /home/manuel/lib/emscripten/emcc -c   conftest.c >&5
configure:4956: $? = 0
configure:4956: result: yes
configure:4956: checking stddef.h presence
configure:4956: /home/manuel/lib/emscripten/emcc -E  conftest.c
configure:4956: $? = 0
configure:4956: result: yes
configure:4956: checking for stddef.h
configure:4956: result: yes
configure:4956: checking for stdlib.h
configure:4956: result: yes
configure:4956: checking locale.h usability
configure:4956: /home/manuel/lib/emscripten/emcc -c   conftest.c >&5
configure:4956: $? = 0
configure:4956: result: yes
configure:4956: checking locale.h presence
configure:4956: /home/manuel/lib/emscripten/emcc -E  conftest.c
configure:4956: $? = 0
configure:4956: result: yes
configure:4956: checking for locale.h
configure:4956: result: yes
configure:4966: checking for string.h
configure:4966: result: yes
configure:4979: checking for size_t
configure:5006: /home/manuel/lib/emscripten/emcc -c   conftest.c >&5
configure:5006: $? = 0
configure:5012: result: yes
configure:5048: checking for type unsigned char
configure:5061: /home/manuel/lib/emscripten/emcc -c   conftest.c >&5
configure:5061: $? = 0
configure:5062: result: yes
configure:5073: checking for type unsigned short
configure:5086: /home/manuel/lib/emscripten/emcc -c   conftest.c >&5
configure:5086: $? = 0
configure:5087: result: yes
configure:5098: checking for type void
configure:5132: /home/manuel/lib/emscripten/emcc -c   conftest.c >&5
configure:5132: $? = 0
configure:5133: result: yes
configure:5143: checking for an ANSI C-conforming const
configure:5209: /home/manuel/lib/emscripten/emcc -c   conftest.c >&5
configure:5209: $? = 0
configure:5216: result: yes
configure:5226: checking for inline
configure:5241: /home/manuel/lib/emscripten/emcc -c   conftest.c >&5
configure:5241: $? = 0
configure:5279: result: __inline__
configure:5288: checking for broken incomplete types
configure:5301: /home/manuel/lib/emscripten/emcc -c   conftest.c >&5
configure:5301: $? = 0
configure:5302: result: ok
configure:5314: checking for short external names
configure:5330: /home/manuel/lib/emscripten/emcc -o conftest    conftest.c  >&5
configure:5330: $? = 0
configure:5331: result: ok
configure:5344: checking to see if char is signed
configure:5381: /home/manuel/lib/emscripten/emcc -o conftest    conftest.c  >&5
configure:5381: $? = 0
configure:5381: ./conftest
configure:5381: $? = 1
configure: program exited with status 1
configure: failed program was:
| /* confdefs.h */
| #define PACKAGE_NAME "libjpeg"
| #define PACKAGE_TARNAME "libjpeg"
| #define PACKAGE_VERSION "9.0.0"
| #define PACKAGE_STRING "libjpeg 9.0.0"
| #define PACKAGE_BUGREPORT ""
| #define PACKAGE_URL ""
| #define PACKAGE "libjpeg"
| #define VERSION "9.0.0"
| #define HAVE_PROTOTYPES 1
| #define STDC_HEADERS 1
| #define HAVE_SYS_TYPES_H 1
| #define HAVE_SYS_STAT_H 1
| #define HAVE_STDLIB_H 1
| #define HAVE_STRING_H 1
| #define HAVE_MEMORY_H 1
| #define HAVE_STRINGS_H 1
| #define HAVE_INTTYPES_H 1
| #define HAVE_STDINT_H 1
| #define HAVE_UNISTD_H 1
| #define HAVE_STDDEF_H 1
| #define HAVE_STDLIB_H 1
| #define HAVE_LOCALE_H 1
| #define HAVE_UNSIGNED_CHAR 1
| #define HAVE_UNSIGNED_SHORT 1
| #define INLINE __inline__
| /* end confdefs.h.  */
| 
| #ifdef HAVE_STDLIB_H
| #include <stdlib.h>
| #endif
| #include <stdio.h>
| #ifdef HAVE_PROTOTYPES
| int is_char_signed (int arg)
| #else
| int is_char_signed (arg)
|      int arg;
| #endif
| {
|   if (arg == 189) {		/* expected result for unsigned char */
|     return 0;			/* type char is unsigned */
|   }
|   else if (arg != -67) {	/* expected result for signed char */
|     printf("Hmm, it seems 'char' is not eight bits wide on your machine.\n");
|     printf("I fear the JPEG software will not work at all.\n\n");
|   }
|   return 1;			/* assume char is signed otherwise */
| }
| char signed_char_check = (char) (-67);
| int main() {
|   exit(is_char_signed((int) signed_char_check));
| }
configure:5388: result: yes
configure:5396: checking to see if right shift is signed
configure:5436: /home/manuel/lib/emscripten/emcc -o conftest    conftest.c  >&5
configure:5436: $? = 0
configure:5436: ./conftest
configure:5436: $? = 1
configure: program exited with status 1
configure: failed program was:
| /* confdefs.h */
| #define PACKAGE_NAME "libjpeg"
| #define PACKAGE_TARNAME "libjpeg"
| #define PACKAGE_VERSION "9.0.0"
| #define PACKAGE_STRING "libjpeg 9.0.0"
| #define PACKAGE_BUGREPORT ""
| #define PACKAGE_URL ""
| #define PACKAGE "libjpeg"
| #define VERSION "9.0.0"
| #define HAVE_PROTOTYPES 1
| #define STDC_HEADERS 1
| #define HAVE_SYS_TYPES_H 1
| #define HAVE_SYS_STAT_H 1
| #define HAVE_STDLIB_H 1
| #define HAVE_STRING_H 1
| #define HAVE_MEMORY_H 1
| #define HAVE_STRINGS_H 1
| #define HAVE_INTTYPES_H 1
| #define HAVE_STDINT_H 1
| #define HAVE_UNISTD_H 1
| #define HAVE_STDDEF_H 1
| #define HAVE_STDLIB_H 1
| #define HAVE_LOCALE_H 1
| #define HAVE_UNSIGNED_CHAR 1
| #define HAVE_UNSIGNED_SHORT 1
| #define INLINE __inline__
| /* end confdefs.h.  */
| 
| #ifdef HAVE_STDLIB_H
| #include <stdlib.h>
| #endif
| #include <stdio.h>
| #ifdef HAVE_PROTOTYPES
| int is_shifting_signed (long arg)
| #else
| int is_shifting_signed (arg)
|      long arg;
| #endif
| /* See whether right-shift on a long is signed or not. */
| {
|   long res = arg >> 4;
| 
|   if (res == -0x7F7E80CL) {	/* expected result for signed shift */
|     return 1;			/* right shift is signed */
|   }
|   /* see if unsigned-shift hack will fix it. */
|   /* we can't just test exact value since it depends on width of long... */
|   res |= (~0L) << (32-4);
|   if (res == -0x7F7E80CL) {	/* expected result now? */
|     return 0;			/* right shift is unsigned */
|   }
|   printf("Right shift isn't acting as I expect it to.\n");
|   printf("I fear the JPEG software will not work at all.\n\n");
|   return 0;			/* try it with unsigned anyway */
| }
| int main() {
|   exit(is_shifting_signed(-0x7F7E80B1L));
| }
configure:5443: result: yes
configure:5451: checking to see if fopen accepts b spec
configure:5470: /home/manuel/lib/emscripten/emcc -o conftest    conftest.c  >&5
configure:5470: $? = 0
configure:5470: ./conftest
configure:5470: $? = 0
configure:5471: result: yes
configure:5835: checking how to print strings
configure:5862: result: printf
configure:5883: checking for a sed that does not truncate output
configure:5947: result: /bin/sed
configure:5965: checking for fgrep
configure:6027: result: /bin/grep -F
configure:6062: checking for ld used by /home/manuel/lib/emscripten/emcc
configure:6129: result: /home/manuel/lib/emscripten/emcc
configure:6136: checking if the linker (/home/manuel/lib/emscripten/emcc) is GNU ld
configure:6151: result: yes
configure:6163: checking for BSD- or MS-compatible name lister (nm)
configure:6212: result: /usr/bin/nm -B
configure:6342: checking the name lister (/usr/bin/nm -B) interface
configure:6349: /home/manuel/lib/emscripten/emcc -c   conftest.c >&5
configure:6352: /usr/bin/nm -B "conftest.o"
configure:6355: output
00000000 B some_variable
configure:6362: result: BSD nm
configure:6366: checking the maximum length of command line arguments
configure:6496: result: 1572864
configure:6513: checking whether the shell understands some XSI constructs
configure:6523: result: yes
configure:6527: checking whether the shell understands "+="
configure:6533: result: yes
configure:6568: checking how to convert i686-pc-linux-gnu file names to i686-pc-linux-gnu format
configure:6608: result: func_convert_file_noop
configure:6615: checking how to convert i686-pc-linux-gnu file names to toolchain format
configure:6635: result: func_convert_file_noop
configure:6642: checking for /home/manuel/lib/emscripten/emcc option to reload object files
configure:6649: result: -r
configure:6723: checking for objdump
configure:6750: result: objdump
configure:6779: checking how to recognize dependent libraries
configure:6981: result: pass_all
configure:7066: checking for dlltool
configure:7093: result: dlltool
configure:7123: checking how to associate runtime and link libraries
configure:7150: result: printf %s\n
configure:7274: checking for archiver @FILE support
configure:7291: /home/manuel/lib/emscripten/emcc -c   conftest.c >&5
configure:7291: $? = 0
configure:7294: /home/manuel/lib/emscripten/emar cru libconftest.a @conftest.lst >&5
configure:7297: $? = 0
configure:7302: /home/manuel/lib/emscripten/emar cru libconftest.a @conftest.lst >&5
/home/manuel/lib/clang+llvm-3.2-x86-linux-ubuntu-12.04/bin/llvm-ar: File does not exist: conftest.o

configure:7305: $? = 0
configure:7317: result: no
configure:7375: checking for strip
configure:7391: found /usr/bin/strip
configure:7402: result: strip
configure:7474: checking for ranlib
configure:7501: result: /home/manuel/lib/emscripten/emranlib
configure:7603: checking command to parse /usr/bin/nm -B output from /home/manuel/lib/emscripten/emcc object
configure:7723: /home/manuel/lib/emscripten/emcc -c   conftest.c >&5
configure:7726: $? = 0
configure:7730: /usr/bin/nm -B conftest.o \| sed -n -e 's/^.*[ ]\([ABCDGIRSTW][ABCDGIRSTW]*\)[ ][ ]*\([_A-Za-z][_A-Za-z0-9]*\)$/\1 \2 \2/p' | sed '/ __gnu_lto/d' \> conftest.nm
configure:7733: $? = 0
configure:7799: /home/manuel/lib/emscripten/emcc -o conftest    conftest.c conftstm.o >&5
configure:7802: $? = 0
configure:7840: result: ok
configure:7877: checking for sysroot
configure:7907: result: no
configure:8163: checking for mt
configure:8179: found /bin/mt
configure:8190: result: mt
configure:8213: checking if mt is a manifest tool
configure:8219: mt '-?'
configure:8227: result: no
configure:8866: checking for dlfcn.h
configure:8866: /home/manuel/lib/emscripten/emcc -c   conftest.c >&5
configure:8866: $? = 0
configure:8866: result: yes
configure:9070: checking for objdir
configure:9085: result: .libs
configure:9352: checking if /home/manuel/lib/emscripten/emcc supports -fno-rtti -fno-exceptions
configure:9370: /home/manuel/lib/emscripten/emcc -c   -fno-rtti -fno-exceptions conftest.c >&5
configure:9374: $? = 0
configure:9387: result: yes
configure:9714: checking for /home/manuel/lib/emscripten/emcc option to produce PIC
configure:9721: result: -fPIC -DPIC
configure:9729: checking if /home/manuel/lib/emscripten/emcc PIC flag -fPIC -DPIC works
configure:9747: /home/manuel/lib/emscripten/emcc -c   -fPIC -DPIC -DPIC conftest.c >&5
configure:9751: $? = 0
configure:9764: result: yes
configure:9793: checking if /home/manuel/lib/emscripten/emcc static flag -static works
configure:9821: result: yes
configure:9836: checking if /home/manuel/lib/emscripten/emcc supports -c -o file.o
configure:9857: /home/manuel/lib/emscripten/emcc -c   -o out/conftest2.o conftest.c >&5
configure:9861: $? = 0
configure:9883: result: yes
configure:9891: checking if /home/manuel/lib/emscripten/emcc supports -c -o file.o
configure:9938: result: yes
configure:9971: checking whether the /home/manuel/lib/emscripten/emcc linker (/home/manuel/lib/emscripten/emcc) supports shared libraries
configure:11124: result: yes
configure:11161: checking whether -lc should be explicitly linked in
configure:11169: /home/manuel/lib/emscripten/emcc -c   conftest.c >&5
configure:11172: $? = 0
configure:11187: /home/manuel/lib/emscripten/emcc -shared  -fPIC -DPIC conftest.o  -v -Wl,-soname -Wl,conftest -o conftest 2\>\&1 \| /bin/grep  -lc  \>/dev/null 2\>\&1
configure:11190: $? = 0
configure:11204: result: no
configure:11364: checking dynamic linker characteristics
configure:11875: /home/manuel/lib/emscripten/emcc -o conftest    -Wl,-rpath -Wl,/foo conftest.c  >&5
configure:11875: $? = 0
configure:12097: result: GNU/Linux ld.so
configure:12204: checking how to hardcode library paths into programs
configure:12229: result: immediate
configure:12769: checking whether stripping libraries is possible
configure:12774: result: yes
configure:12809: checking if libtool supports shared libraries
configure:12811: result: yes
configure:12814: checking whether to build shared libraries
configure:12835: result: yes
configure:12838: checking whether to build static libraries
configure:12842: result: yes
configure:12961: checking libjpeg version number
configure:12967: result: 9:0:0
configure:13081: checking that generated files are newer than configure
configure:13087: result: done
configure:13118: creating ./config.status

## ---------------------- ##
## Running config.status. ##
## ---------------------- ##

This file was extended by libjpeg config.status 9.0.0, which was
generated by GNU Autoconf 2.69.  Invocation command line was

  CONFIG_FILES    = 
  CONFIG_HEADERS  = 
  CONFIG_LINKS    = 
  CONFIG_COMMANDS = 
  $ ./config.status 

on canttouchthis

config.status:1100: creating Makefile
config.status:1100: creating jconfig.h
config.status:1329: executing depfiles commands
config.status:1329: executing libtool commands

## ---------------- ##
## Cache variables. ##
## ---------------- ##

ac_cv_build=i686-pc-linux-gnu
ac_cv_c_compiler_gnu=yes
ac_cv_c_const=yes
ac_cv_env_CC_set=set
ac_cv_env_CC_value=/home/manuel/lib/emscripten/emcc
ac_cv_env_CFLAGS_set=set
ac_cv_env_CFLAGS_value=
ac_cv_env_CPPFLAGS_set=
ac_cv_env_CPPFLAGS_value=
ac_cv_env_CPP_set=
ac_cv_env_CPP_value=
ac_cv_env_LDFLAGS_set=
ac_cv_env_LDFLAGS_value=
ac_cv_env_LIBS_set=
ac_cv_env_LIBS_value=
ac_cv_env_build_alias_set=
ac_cv_env_build_alias_value=
ac_cv_env_host_alias_set=
ac_cv_env_host_alias_value=
ac_cv_env_target_alias_set=
ac_cv_env_target_alias_value=
ac_cv_header_dlfcn_h=yes
ac_cv_header_inttypes_h=yes
ac_cv_header_locale_h=yes
ac_cv_header_memory_h=yes
ac_cv_header_stdc=yes
ac_cv_header_stddef_h=yes
ac_cv_header_stdint_h=yes
ac_cv_header_stdlib_h=yes
ac_cv_header_string_h=yes
ac_cv_header_strings_h=yes
ac_cv_header_sys_stat_h=yes
ac_cv_header_sys_types_h=yes
ac_cv_header_unistd_h=yes
ac_cv_host=i686-pc-linux-gnu
ac_cv_objext=o
ac_cv_path_EGREP='/bin/grep -E'
ac_cv_path_FGREP='/bin/grep -F'
ac_cv_path_GREP=/bin/grep
ac_cv_path_SED=/bin/sed
ac_cv_path_install='/usr/bin/install -c'
ac_cv_path_mkdir=/bin/mkdir
ac_cv_prog_AWK=mawk
ac_cv_prog_CPP='/home/manuel/lib/emscripten/emcc -E'
ac_cv_prog_ac_ct_CC=/home/manuel/lib/emscripten/emcc
ac_cv_prog_ac_ct_DLLTOOL=dlltool
ac_cv_prog_ac_ct_MANIFEST_TOOL=mt
ac_cv_prog_ac_ct_OBJDUMP=objdump
ac_cv_prog_ac_ct_RANLIB=/home/manuel/lib/emscripten/emranlib
ac_cv_prog_ac_ct_STRIP=strip
ac_cv_prog_cc_c89=
ac_cv_prog_cc_c99=
ac_cv_prog_cc_g=yes
ac_cv_prog_cc_stdc=
ac_cv_prog_make_make_set=yes
ac_cv_target=i686-pc-linux-gnu
am_cv_CC_dependencies_compiler_type=gcc3
am_cv_ar_interface=ar
am_cv_make_support_nested_variables=yes
ijg_cv_have_prototypes=yes
ijg_cv_inline=__inline__
lt_cv_ar_at_file=no
lt_cv_archive_cmds_need_lc=no
lt_cv_deplibs_check_method=pass_all
lt_cv_file_magic_cmd='$MAGIC_CMD'
lt_cv_file_magic_test_file=
lt_cv_ld_reload_flag=-r
lt_cv_nm_interface='BSD nm'
lt_cv_objdir=.libs
lt_cv_path_LD=/home/manuel/lib/emscripten/emcc
lt_cv_path_NM='/usr/bin/nm -B'
lt_cv_path_mainfest_tool=no
lt_cv_prog_compiler_c_o=yes
lt_cv_prog_compiler_pic='-fPIC -DPIC'
lt_cv_prog_compiler_pic_works=yes
lt_cv_prog_compiler_rtti_exceptions=yes
lt_cv_prog_compiler_static_works=yes
lt_cv_prog_gnu_ld=yes
lt_cv_sharedlib_from_linklib_cmd='printf %s\n'
lt_cv_shlibpath_overrides_runpath=no
lt_cv_sys_global_symbol_pipe='sed -n -e '\''s/^.*[	 ]\([ABCDGIRSTW][ABCDGIRSTW]*\)[	 ][	 ]*\([_A-Za-z][_A-Za-z0-9]*\)$/\1 \2 \2/p'\'' | sed '\''/ __gnu_lto/d'\'''
lt_cv_sys_global_symbol_to_c_name_address='sed -n -e '\''s/^: \([^ ]*\)[ ]*$/  {\"\1\", (void *) 0},/p'\'' -e '\''s/^[ABCDGIRSTW]* \([^ ]*\) \([^ ]*\)$/  {"\2", (void *) \&\2},/p'\'''
lt_cv_sys_global_symbol_to_c_name_address_lib_prefix='sed -n -e '\''s/^: \([^ ]*\)[ ]*$/  {\"\1\", (void *) 0},/p'\'' -e '\''s/^[ABCDGIRSTW]* \([^ ]*\) \(lib[^ ]*\)$/  {"\2", (void *) \&\2},/p'\'' -e '\''s/^[ABCDGIRSTW]* \([^ ]*\) \([^ ]*\)$/  {"lib\2", (void *) \&\2},/p'\'''
lt_cv_sys_global_symbol_to_cdecl='sed -n -e '\''s/^T .* \(.*\)$/extern int \1();/p'\'' -e '\''s/^[ABCDGIRSTW]* .* \(.*\)$/extern char \1;/p'\'''
lt_cv_sys_max_cmd_len=1572864
lt_cv_to_host_file_cmd=func_convert_file_noop
lt_cv_to_tool_file_cmd=func_convert_file_noop

## ----------------- ##
## Output variables. ##
## ----------------- ##

ACLOCAL='${SHELL} /home/manuel/Projekte/unix-toolbox.js/modules/libjpeg/src/missing aclocal-1.13'
AMDEPBACKSLASH='\'
AMDEP_FALSE='#'
AMDEP_TRUE=''
AMTAR='$${TAR-tar}'
AM_BACKSLASH='\'
AM_DEFAULT_V='$(AM_DEFAULT_VERBOSITY)'
AM_DEFAULT_VERBOSITY='0'
AM_V='$(V)'
AR='/home/manuel/lib/emscripten/emar'
AS='as'
AUTOCONF='${SHELL} /home/manuel/Projekte/unix-toolbox.js/modules/libjpeg/src/missing autoconf'
AUTOHEADER='echo autoheader ignored'
AUTOMAKE='${SHELL} /home/manuel/Projekte/unix-toolbox.js/modules/libjpeg/src/missing automake-1.13'
AWK='mawk'
CC='/home/manuel/lib/emscripten/emcc'
CCDEPMODE='depmode=gcc3'
CFLAGS=''
CPP='/home/manuel/lib/emscripten/emcc -E'
CPPFLAGS=''
CYGPATH_W='echo'
DEFS='-DHAVE_CONFIG_H'
DEPDIR='.deps'
DLLTOOL='dlltool'
DSYMUTIL=''
DUMPBIN=''
ECHO_C=''
ECHO_N='-n'
ECHO_T=''
EGREP='/bin/grep -E'
EXEEXT=''
FGREP='/bin/grep -F'
GREP='/bin/grep'
HAVE_LD_VERSION_SCRIPT_FALSE='#'
HAVE_LD_VERSION_SCRIPT_TRUE=''
INSTALL_DATA='${INSTALL} -m 644'
INSTALL_PROGRAM='${INSTALL}'
INSTALL_SCRIPT='${INSTALL}'
INSTALL_STRIP_PROGRAM='$(install_sh) -c -s'
JPEG_LIB_VERSION='9:0:0'
LD='/home/manuel/lib/emscripten/emcc'
LDFLAGS=''
LIBOBJS=''
LIBS=''
LIBTOOL='$(SHELL) $(top_builddir)/libtool'
LIPO=''
LN_S='ln -s'
LTLIBOBJS=''
MAINT='#'
MAINTAINER_MODE_FALSE=''
MAINTAINER_MODE_TRUE='#'
MAKEINFO='${SHELL} /home/manuel/Projekte/unix-toolbox.js/modules/libjpeg/src/missing makeinfo'
MANIFEST_TOOL=':'
MEMORYMGR='jmemnobs'
MKDIR_P='/bin/mkdir -p'
NM='/usr/bin/nm -B'
NMEDIT=''
OBJDUMP='objdump'
OBJEXT='o'
OTOOL64=''
OTOOL=''
PACKAGE='libjpeg'
PACKAGE_BUGREPORT=''
PACKAGE_NAME='libjpeg'
PACKAGE_STRING='libjpeg 9.0.0'
PACKAGE_TARNAME='libjpeg'
PACKAGE_URL=''
PACKAGE_VERSION='9.0.0'
PATH_SEPARATOR=':'
RANLIB='/home/manuel/lib/emscripten/emranlib'
SED='/bin/sed'
SET_MAKE=''
SHELL='/bin/bash'
STRIP='strip'
VERSION='9.0.0'
ac_ct_AR=''
ac_ct_CC='/home/manuel/lib/emscripten/emcc'
ac_ct_DUMPBIN=''
am__EXEEXT_FALSE=''
am__EXEEXT_TRUE='#'
am__fastdepCC_FALSE='#'
am__fastdepCC_TRUE=''
am__include='include'
am__isrc=''
am__leading_dot='.'
am__nodep='_no'
am__quote=''
am__tar='$${TAR-tar} chof - "$$tardir"'
am__untar='$${TAR-tar} xf -'
bindir='${exec_prefix}/bin'
build='i686-pc-linux-gnu'
build_alias=''
build_cpu='i686'
build_os='linux-gnu'
build_vendor='pc'
datadir='${datarootdir}'
datarootdir='${prefix}/share'
docdir='${datarootdir}/doc/${PACKAGE_TARNAME}'
dvidir='${docdir}'
exec_prefix='${prefix}'
host='i686-pc-linux-gnu'
host_alias=''
host_cpu='i686'
host_os='linux-gnu'
host_vendor='pc'
htmldir='${docdir}'
includedir='${prefix}/include'
infodir='${datarootdir}/info'
install_sh='${SHELL} /home/manuel/Projekte/unix-toolbox.js/modules/libjpeg/src/install-sh'
libdir='${exec_prefix}/lib'
libexecdir='${exec_prefix}/libexec'
localedir='${datarootdir}/locale'
localstatedir='${prefix}/var'
mandir='${datarootdir}/man'
mkdir_p='$(MKDIR_P)'
oldincludedir='/usr/include'
pdfdir='${docdir}'
prefix='/usr/local'
program_transform_name='s,x,x,'
psdir='${docdir}'
sbindir='${exec_prefix}/sbin'
sharedstatedir='${prefix}/com'
sysconfdir='${prefix}/etc'
target='i686-pc-linux-gnu'
target_alias=''
target_cpu='i686'
target_os='linux-gnu'
target_vendor='pc'

## ----------- ##
## confdefs.h. ##
## ----------- ##

/* confdefs.h */
#define PACKAGE_NAME "libjpeg"
#define PACKAGE_TARNAME "libjpeg"
#define PACKAGE_VERSION "9.0.0"
#define PACKAGE_STRING "libjpeg 9.0.0"
#define PACKAGE_BUGREPORT ""
#define PACKAGE_URL ""
#define PACKAGE "libjpeg"
#define VERSION "9.0.0"
#define HAVE_PROTOTYPES 1
#define STDC_HEADERS 1
#define HAVE_SYS_TYPES_H 1
#define HAVE_SYS_STAT_H 1
#define HAVE_STDLIB_H 1
#define HAVE_STRING_H 1
#define HAVE_MEMORY_H 1
#define HAVE_STRINGS_H 1
#define HAVE_INTTYPES_H 1
#define HAVE_STDINT_H 1
#define HAVE_UNISTD_H 1
#define HAVE_STDDEF_H 1
#define HAVE_STDLIB_H 1
#define HAVE_LOCALE_H 1
#define HAVE_UNSIGNED_CHAR 1
#define HAVE_UNSIGNED_SHORT 1
#define INLINE __inline__
#define HAVE_DLFCN_H 1
#define LT_OBJDIR ".libs/"

configure: exit 0
